<?xml version="1.0" encoding="UTF-8"?>
<testsuite name="PhoneBookTest" tests="1" skipped="0" failures="0" errors="0" timestamp="2026-04-09T19:38:49.329Z" hostname="Criss-MacBook-Pro.local" time="17.748">
  <properties/>
  <testcase name="start" classname="PhoneBookTest" time="17.748"/>
  <system-out><![CDATA[?[1;31m
Start test 1?[0m
Start searching (linear search)...
Found 500 / 500 entries. Time taken: 0 min. 1 sec. 361 ms..

Start searching (bubble sort + jump search)...
Searching
Found 500 / 500 entries. Time taken: 0 min. 15 sec. 101 ms.
Sorting time: 0 min. 13 sec. 622 ms. - STOPPED Switched to linear search.
Searching time: 0 min. 1 sec. 479 ms.

Start searching (quick sort + Binary search)...
Found 500 / 500 entries. Time taken: 0 min. 0 sec. 560 ms.
Sorting time: 0 min. 0 sec. 559 ms..
Search time: 0 min. 0 sec. 1 ms..

Start searching (hash table)...
Found 500 / 500 entries. Time taken: 0 min. 0 sec. 216 ms.
Creating time: 0 min. 0 sec. 216 ms.
Searching time: 0 min. 0 sec. 0 ms.

]]></system-out>
  <system-err><![CDATA[]]></system-err>
</testsuite>
